2014/06/23 01:53:53 [error] [exception.CHttpException.404] exception 'CHttpException' with message 'Unable to resolve the request "site".' in C:\OpenServer\domains\ymulti.local\framework\web\CWebApplication.php:286
Stack trace:
#0 C:\OpenServer\domains\ymulti.local\framework\web\CWebApplication.php(141): CWebApplication->runController('')
#1 C:\OpenServer\domains\ymulti.local\framework\base\CApplication.php(180): CWebApplication->processRequest()
#2 C:\OpenServer\domains\ymulti.local\index.php(13): CApplication->run()
#3 {main}
REQUEST_URI=/
---
2014/06/23 01:55:53 [error] [exception.CHttpException.404] exception 'CHttpException' with message 'Unable to resolve the request "site".' in C:\OpenServer\domains\ymulti.local\framework\web\CWebApplication.php:286
Stack trace:
#0 C:\OpenServer\domains\ymulti.local\framework\web\CWebApplication.php(141): CWebApplication->runController('')
#1 C:\OpenServer\domains\ymulti.local\framework\base\CApplication.php(180): CWebApplication->processRequest()
#2 C:\OpenServer\domains\ymulti.local\index.php(13): CApplication->run()
#3 {main}
REQUEST_URI=/
---
2014/06/23 01:56:39 [error] [exception.CHttpException.404] exception 'CHttpException' with message 'Unable to resolve the request "site".' in C:\OpenServer\domains\ymulti.local\framework\web\CWebApplication.php:286
Stack trace:
#0 C:\OpenServer\domains\ymulti.local\framework\web\CWebApplication.php(141): CWebApplication->runController('')
#1 C:\OpenServer\domains\ymulti.local\framework\base\CApplication.php(180): CWebApplication->processRequest()
#2 C:\OpenServer\domains\ymulti.local\index.php(13): CApplication->run()
#3 {main}
REQUEST_URI=/
---
